0 silly input [ 'test' ]
1 silly flags { _: [ 'run' ], script: 'test', args: [] }
2 verbose rootPath /Users/sanjeet.uppal92/Documents/readme/api-explorer
3 info version 2.0.0
4 silly existsSync /Users/sanjeet.uppal92/Documents/readme/api-explorer/VERSION
5 silly initialize attempt
6 silly initialize success
7 silly execute attempt
8 silly runScriptInDir test [] api-explorer-ui
9 silly getExecOpts { cwd: '/Users/sanjeet.uppal92/Documents/readme/api-explorer/packages/api-explorer-ui' }
10 silly runScriptInDir test [] readme-oas-extensions
11 silly getExecOpts { cwd: '/Users/sanjeet.uppal92/Documents/readme/api-explorer/packages/readme-oas-extensions' }
12 silly runScriptInDir test [] readme-syntax-highlighter
13 silly getExecOpts { cwd: '/Users/sanjeet.uppal92/Documents/readme/api-explorer/packages/readme-syntax-highlighter' }
14 error test Errored while running script in 'api-explorer-ui'
15 error execute Error: Command failed: npm run test
15 error execute npm ERR! code ELIFECYCLE
15 error execute npm ERR! errno 1
15 error execute npm ERR! api-explorer-ui@0.0.0 lint: `eslint -f unix . --ext js --ext jsx`
15 error execute npm ERR! Exit status 1
15 error execute npm ERR!
15 error execute npm ERR! Failed at the api-explorer-ui@0.0.0 lint script.
15 error execute npm ERR! This is probably not a problem with npm. There is likely additional logging output above.
15 error execute
15 error execute npm ERR! A complete log of this run can be found in:
15 error execute npm ERR!     /Users/sanjeet.uppal92/.npm/_logs/2017-09-08T20_58_41_540Z-debug.log
15 error execute npm ERR! code ELIFECYCLE
15 error execute npm ERR! errno 1
15 error execute npm ERR! api-explorer-ui@0.0.0 pretest: `npm run lint && npm run inspect`
15 error execute npm ERR! Exit status 1
15 error execute npm ERR!
15 error execute npm ERR! Failed at the api-explorer-ui@0.0.0 pretest script.
15 error execute npm ERR! This is probably not a problem with npm. There is likely additional logging output above.
15 error execute
15 error execute npm ERR! A complete log of this run can be found in:
15 error execute npm ERR!     /Users/sanjeet.uppal92/.npm/_logs/2017-09-08T20_58_41_577Z-debug.log
15 error execute
15 error execute > api-explorer-ui@0.0.0 pretest /Users/sanjeet.uppal92/Documents/readme/api-explorer/packages/api-explorer-ui
15 error execute > npm run lint && npm run inspect
15 error execute
15 error execute
15 error execute > api-explorer-ui@0.0.0 lint /Users/sanjeet.uppal92/Documents/readme/api-explorer/packages/api-explorer-ui
15 error execute > eslint -f unix . --ext js --ext jsx
15 error execute
15 error execute /Users/sanjeet.uppal92/Documents/readme/api-explorer/packages/api-explorer-ui/src/block-types/code.jsx:24:23: Do not nest ternary expressions. [Error/no-nested-ternary]
15 error execute /Users/sanjeet.uppal92/Documents/readme/api-explorer/packages/api-explorer-ui/src/block-types/code.jsx:41:35: 'i' is defined but never used. [Error/no-unused-vars]
15 error execute /Users/sanjeet.uppal92/Documents/readme/api-explorer/packages/api-explorer-ui/src/block-types/content.jsx:27:33: 'column' is not defined. [Error/no-undef]
15 error execute /Users/sanjeet.uppal92/Documents/readme/api-explorer/packages/api-explorer-ui/src/block-types/content.jsx:87:10: 'block' PropType is defined but prop is never used [Error/react/no-unused-prop-types]
15 error execute
15 error execute 4 problems
15 error execute
15 error execute     at Promise.all.then.arr (/Users/sanjeet.uppal92/Documents/readme/api-explorer/node_modules/execa/index.js:210:11)
15 error execute     at process._tickCallback (internal/process/next_tick.js:109:7)
15 error execute  callback with error
15 error execute  { Error: Command failed: npm run test
15 error execute npm ERR! code ELIFECYCLE
15 error execute npm ERR! errno 1
15 error execute npm ERR! api-explorer-ui@0.0.0 lint: `eslint -f unix . --ext js --ext jsx`
15 error execute npm ERR! Exit status 1
15 error execute npm ERR!
15 error execute npm ERR! Failed at the api-explorer-ui@0.0.0 lint script.
15 error execute npm ERR! This is probably not a problem with npm. There is likely additional logging output above.
15 error execute
15 error execute npm ERR! A complete log of this run can be found in:
15 error execute npm ERR!     /Users/sanjeet.uppal92/.npm/_logs/2017-09-08T20_58_41_540Z-debug.log
15 error execute npm ERR! code ELIFECYCLE
15 error execute npm ERR! errno 1
15 error execute npm ERR! api-explorer-ui@0.0.0 pretest: `npm run lint && npm run inspect`
15 error execute npm ERR! Exit status 1
15 error execute npm ERR!
15 error execute npm ERR! Failed at the api-explorer-ui@0.0.0 pretest script.
15 error execute npm ERR! This is probably not a problem with npm. There is likely additional logging output above.
15 error execute
15 error execute npm ERR! A complete log of this run can be found in:
15 error execute npm ERR!     /Users/sanjeet.uppal92/.npm/_logs/2017-09-08T20_58_41_577Z-debug.log
15 error execute
15 error execute > api-explorer-ui@0.0.0 pretest /Users/sanjeet.uppal92/Documents/readme/api-explorer/packages/api-explorer-ui
15 error execute > npm run lint && npm run inspect
15 error execute
15 error execute
15 error execute > api-explorer-ui@0.0.0 lint /Users/sanjeet.uppal92/Documents/readme/api-explorer/packages/api-explorer-ui
15 error execute > eslint -f unix . --ext js --ext jsx
15 error execute
15 error execute /Users/sanjeet.uppal92/Documents/readme/api-explorer/packages/api-explorer-ui/src/block-types/code.jsx:24:23: Do not nest ternary expressions. [Error/no-nested-ternary]
15 error execute /Users/sanjeet.uppal92/Documents/readme/api-explorer/packages/api-explorer-ui/src/block-types/code.jsx:41:35: 'i' is defined but never used. [Error/no-unused-vars]
15 error execute /Users/sanjeet.uppal92/Documents/readme/api-explorer/packages/api-explorer-ui/src/block-types/content.jsx:27:33: 'column' is not defined. [Error/no-undef]
15 error execute /Users/sanjeet.uppal92/Documents/readme/api-explorer/packages/api-explorer-ui/src/block-types/content.jsx:87:10: 'block' PropType is defined but prop is never used [Error/react/no-unused-prop-types]
15 error execute
15 error execute 4 problems
15 error execute
15 error execute     at Promise.all.then.arr (/Users/sanjeet.uppal92/Documents/readme/api-explorer/node_modules/execa/index.js:210:11)
15 error execute     at process._tickCallback (internal/process/next_tick.js:109:7)
15 error execute   stack: 'Error: Command failed: npm run test\nnpm ERR! code ELIFECYCLE\nnpm ERR! errno 1\nnpm ERR! api-explorer-ui@0.0.0 lint: `eslint -f unix . --ext js --ext jsx`\nnpm ERR! Exit status 1\nnpm ERR! \nnpm ERR! Failed at the api-explorer-ui@0.0.0 lint script.\nnpm ERR! This is probably not a problem with npm. There is likely additional logging output above.\n\nnpm ERR! A complete log of this run can be found in:\nnpm ERR!     /Users/sanjeet.uppal92/.npm/_logs/2017-09-08T20_58_41_540Z-debug.log\nnpm ERR! code ELIFECYCLE\nnpm ERR! errno 1\nnpm ERR! api-explorer-ui@0.0.0 pretest: `npm run lint && npm run inspect`\nnpm ERR! Exit status 1\nnpm ERR! \nnpm ERR! Failed at the api-explorer-ui@0.0.0 pretest script.\nnpm ERR! This is probably not a problem with npm. There is likely additional logging output above.\n\nnpm ERR! A complete log of this run can be found in:\nnpm ERR!     /Users/sanjeet.uppal92/.npm/_logs/2017-09-08T20_58_41_577Z-debug.log\n\n> api-explorer-ui@0.0.0 pretest /Users/sanjeet.uppal92/Documents/readme/api-explorer/packages/api-explorer-ui\n> npm run lint && npm run inspect\n\n\n> api-explorer-ui@0.0.0 lint /Users/sanjeet.uppal92/Documents/readme/api-explorer/packages/api-explorer-ui\n> eslint -f unix . --ext js --ext jsx\n\n/Users/sanjeet.uppal92/Documents/readme/api-explorer/packages/api-explorer-ui/src/block-types/code.jsx:24:23: Do not nest ternary expressions. [Error/no-nested-ternary]\n/Users/sanjeet.uppal92/Documents/readme/api-explorer/packages/api-explorer-ui/src/block-types/code.jsx:41:35: \'i\' is defined but never used. [Error/no-unused-vars]\n/Users/sanjeet.uppal92/Documents/readme/api-explorer/packages/api-explorer-ui/src/block-types/content.jsx:27:33: \'column\' is not defined. [Error/no-undef]\n/Users/sanjeet.uppal92/Documents/readme/api-explorer/packages/api-explorer-ui/src/block-types/content.jsx:87:10: \'block\' PropType is defined but prop is never used [Error/react/no-unused-prop-types]\n\n4 problems\n\n    at Promise.all.then.arr (/Users/sanjeet.uppal92/Documents/readme/api-explorer/node_modules/execa/index.js:210:11)\n    at process._tickCallback (internal/process/next_tick.js:109:7)',
15 error execute   code: 1,
15 error execute   killed: false,
15 error execute   stdout: '\n> api-explorer-ui@0.0.0 pretest /Users/sanjeet.uppal92/Documents/readme/api-explorer/packages/api-explorer-ui\n> npm run lint && npm run inspect\n\n\n> api-explorer-ui@0.0.0 lint /Users/sanjeet.uppal92/Documents/readme/api-explorer/packages/api-explorer-ui\n> eslint -f unix . --ext js --ext jsx\n\n/Users/sanjeet.uppal92/Documents/readme/api-explorer/packages/api-explorer-ui/src/block-types/code.jsx:24:23: Do not nest ternary expressions. [Error/no-nested-ternary]\n/Users/sanjeet.uppal92/Documents/readme/api-explorer/packages/api-explorer-ui/src/block-types/code.jsx:41:35: \'i\' is defined but never used. [Error/no-unused-vars]\n/Users/sanjeet.uppal92/Documents/readme/api-explorer/packages/api-explorer-ui/src/block-types/content.jsx:27:33: \'column\' is not defined. [Error/no-undef]\n/Users/sanjeet.uppal92/Documents/readme/api-explorer/packages/api-explorer-ui/src/block-types/content.jsx:87:10: \'block\' PropType is defined but prop is never used [Error/react/no-unused-prop-types]\n\n4 problems\n',
15 error execute   stderr: 'npm ERR! code ELIFECYCLE\nnpm ERR! errno 1\nnpm ERR! api-explorer-ui@0.0.0 lint: `eslint -f unix . --ext js --ext jsx`\nnpm ERR! Exit status 1\nnpm ERR! \nnpm ERR! Failed at the api-explorer-ui@0.0.0 lint script.\nnpm ERR! This is probably not a problem with npm. There is likely additional logging output above.\n\nnpm ERR! A complete log of this run can be found in:\nnpm ERR!     /Users/sanjeet.uppal92/.npm/_logs/2017-09-08T20_58_41_540Z-debug.log\nnpm ERR! code ELIFECYCLE\nnpm ERR! errno 1\nnpm ERR! api-explorer-ui@0.0.0 pretest: `npm run lint && npm run inspect`\nnpm ERR! Exit status 1\nnpm ERR! \nnpm ERR! Failed at the api-explorer-ui@0.0.0 pretest script.\nnpm ERR! This is probably not a problem with npm. There is likely additional logging output above.\n\nnpm ERR! A complete log of this run can be found in:\nnpm ERR!     /Users/sanjeet.uppal92/.npm/_logs/2017-09-08T20_58_41_577Z-debug.log\n',
15 error execute   failed: true,
15 error execute   signal: null,
15 error execute   cmd: 'npm run test',
15 error execute   timedOut: false }
